<?xml version="1.0" encoding="UTF-8"?>
<testng-results skipped="0" failed="0" ignored="0" total="1" passed="1">
  <reporter-output>
  </reporter-output>
  <suite name="Default suite" duration-ms="128666" started-at="2020-08-02T19:13:35 IST" finished-at="2020-08-02T19:15:43 IST">
    <groups>
    </groups>
    <test name="Default test" duration-ms="128666" started-at="2020-08-02T19:13:35 IST" finished-at="2020-08-02T19:15:43 IST">
      <class name="driver.DriverScript">
        <test-method status="PASS" signature="loadClasses()[pri:0, instance:driver.DriverScript@bbd20a]" name="loadClasses" is-config="true" duration-ms="32" started-at="2020-08-02T19:13:35 IST" finished-at="2020-08-02T19:13:35 IST">
          <reporter-output>
          </reporter-output>
        </test-method> <!-- loadClasses -->
        <test-method status="PASS" signature="executeTestScripts()[pri:0, instance:driver.DriverScript@bbd20a]" name="executeTestScripts" duration-ms="128612" started-at="2020-08-02T19:13:35 IST" finished-at="2020-08-02T19:15:43 IST">
          <reporter-output>
          </reporter-output>
        </test-method> <!-- executeTestScripts -->
      </class> <!-- driver.DriverScript -->
    </test> <!-- Default test -->
  </suite> <!-- Default suite -->
</testng-results>
